This is pdfeTeX, Version 3.141592-1.30.4-2.2 (Web2C 7.5.5) (format=pdflatex 2006.2.12)  7 OCT 2007 17:04
entering extended mode
\write18 enabled.
**llncsdemo.tex
(./llncsdemo.tex
LaTeX2e <2003/12/01>
Babel <v3.8d> and hyphenation patterns for american, french, german, ngerman, d
utch, italian, norsk, portuges, spanish, swedish, nohyphenation, loaded.
(./llncs.cls
Document Class: llncs 2004/08/17 v2.14 
 LaTeX document class for Lecture Notes in Computer Science
(/usr/local/teTeX/share/texmf.tetex/tex/latex/base/article.cls
Document Class: article 2004/02/16 v1.4f Standard LaTeX document class
(/usr/local/teTeX/share/texmf.tetex/tex/latex/base/size10.clo
File: size10.clo 2004/02/16 v1.4f Standard LaTeX file (size option)
)
\c@part=\count79
\c@section=\count80
\c@subsection=\count81
\c@subsubsection=\count82
\c@paragraph=\count83
\c@subparagraph=\count84
\c@figure=\count85
\c@table=\count86
\abovecaptionskip=\skip41
\belowcaptionskip=\skip42
\bibindent=\dimen102
)
(/usr/local/teTeX/share/texmf.tetex/tex/latex/tools/multicol.sty
Package: multicol 2004/02/14 v1.6e multicolumn formatting (FMi)
\c@tracingmulticols=\count87
\mult@box=\box26
\multicol@leftmargin=\dimen103
\c@unbalance=\count88
\c@collectmore=\count89
\doublecol@number=\count90
\multicoltolerance=\count91
\multicolpretolerance=\count92
\full@width=\dimen104
\page@free=\dimen105
\premulticols=\dimen106
\postmulticols=\dimen107
\multicolsep=\skip43
\multicolbaselineskip=\skip44
\partial@page=\box27
\last@line=\box28
\mult@rightbox=\box29
\mult@grightbox=\box30
\mult@gfirstbox=\box31
\mult@firstbox=\box32
\@tempa=\box33
\@tempa=\box34
\@tempa=\box35
\@tempa=\box36
\@tempa=\box37
\@tempa=\box38
\@tempa=\box39
\@tempa=\box40
\@tempa=\box41
\@tempa=\box42
\@tempa=\box43
\@tempa=\box44
\@tempa=\box45
\@tempa=\box46
\@tempa=\box47
\@tempa=\box48
\@tempa=\box49
\c@columnbadness=\count93
\c@finalcolumnbadness=\count94
\last@try=\dimen108
\multicolovershoot=\dimen109
\multicolundershoot=\dimen110
\mult@nat@firstbox=\box50
\colbreak@box=\box51
)
\c@chapter=\count95
LaTeX Font Info:    Redeclaring math symbol \Gamma on input line 360.
LaTeX Font Info:    Redeclaring math symbol \Delta on input line 361.
LaTeX Font Info:    Redeclaring math symbol \Theta on input line 362.
LaTeX Font Info:    Redeclaring math symbol \Lambda on input line 363.
LaTeX Font Info:    Redeclaring math symbol \Xi on input line 364.
LaTeX Font Info:    Redeclaring math symbol \Pi on input line 365.
LaTeX Font Info:    Redeclaring math symbol \Sigma on input line 366.
LaTeX Font Info:    Redeclaring math symbol \Upsilon on input line 367.
LaTeX Font Info:    Redeclaring math symbol \Phi on input line 368.
LaTeX Font Info:    Redeclaring math symbol \Psi on input line 369.
LaTeX Font Info:    Redeclaring math symbol \Omega on input line 370.
\tocchpnum=\dimen111
\tocsecnum=\dimen112
\tocsectotal=\dimen113
\tocsubsecnum=\dimen114
\tocsubsectotal=\dimen115
\tocsubsubsecnum=\dimen116
\tocsubsubsectotal=\dimen117
\tocparanum=\dimen118
\tocparatotal=\dimen119
\tocsubparanum=\dimen120
\@tempcntc=\count96
\fnindent=\dimen121
\c@@inst=\count97
\c@@auth=\count98
\c@auco=\count99
\instindent=\dimen122
\authrun=\box52
\authorrunning=\toks14
\tocauthor=\toks15
\titrun=\box53
\titlerunning=\toks16
\toctitle=\toks17
\c@theorem=\count100
\c@case=\count101
\c@conjecture=\count102
\c@corollary=\count103
\c@definition=\count104
\c@example=\count105
\c@exercise=\count106
\c@lemma=\count107
\c@note=\count108
\c@problem=\count109
\c@property=\count110
\c@proposition=\count111
\c@question=\count112
\c@solution=\count113
\c@remark=\count114
\headlineindent=\dimen123
)
(/usr/local/teTeX/share/texmf.tetex/tex/latex/base/makeidx.sty
Package: makeidx 2000/03/29 v1.0m Standard LaTeX package
)
(./llncsdemo.aux)
\openout1 = `llncsdemo.aux'.

LaTeX Font Info:    Checking defaults for OML/cmm/m/it on input line 10.
LaTeX Font Info:    ... okay on input line 10.
LaTeX Font Info:    Checking defaults for T1/cmr/m/n on input line 10.
LaTeX Font Info:    ... okay on input line 10.
LaTeX Font Info:    Checking defaults for OT1/cmr/m/n on input line 10.
LaTeX Font Info:    ... okay on input line 10.
LaTeX Font Info:    Checking defaults for OMS/cmsy/m/n on input line 10.
LaTeX Font Info:    ... okay on input line 10.
LaTeX Font Info:    Checking defaults for OMX/cmex/m/n on input line 10.
LaTeX Font Info:    ... okay on input line 10.
LaTeX Font Info:    Checking defaults for U/cmr/m/n on input line 10.
LaTeX Font Info:    ... okay on input line 10.
 [1



{/usr/local/teTeX/share/texmf.local/fonts/map/pdftex/updmap/pdftex.map}]
LaTeX Font Info:    External font `cmex10' loaded for size
(Font)              <7> on input line 53.
LaTeX Font Info:    External font `cmex10' loaded for size
(Font)              <5> on input line 53.
 [2

] [3] (./llncsdemo.toc)
\tf@toc=\write3
\openout3 = `llncsdemo.toc'.

 [4

]
LaTeX Font Info:    External font `cmex10' loaded for size
(Font)              <9> on input line 198.
LaTeX Font Info:    External font `cmex10' loaded for size
(Font)              <6> on input line 198.
 [1

] [2] [3] [4] [5] [6] [7]
[8] [9] [10] [11] [12]
No file llncsdemo.ind.
(./subjidx.ind
Underfull \hbox (badness 10000) in paragraph at lines 17--18
[]\OT1/cmr/m/n/9 Angular mo-men-tum states 107, 321,
 []


Underfull \hbox (badness 10000) in paragraph at lines 38--39
[]\OT1/cmr/m/n/9 Brillouin-Wigner per-tur-ba-tion the-ory
 []


Underfull \hbox (badness 10000) in paragraph at lines 62--63
[]\OT1/cmr/m/n/9 Exchange term 228, 231, 237, 241, 268,
 []

) [13


] (./llncsdemo.aux) ) 
Here is how much of TeX's memory you used:
 659 strings out of 95137
 7203 string characters out of 1183013
 2057399 words of memory out of 4512234
 3858 multiletter control sequences out of 10000+50000
 9658 words of font info for 34 fonts, out of 2000000 for 2000
 58 hyphenation exceptions out of 5000
 29i,10n,21p,304b,284s stack positions out of 5000i,500n,6000p,200000b,40000s
PDF statistics:
 108 PDF objects out of 300000
 0 named destinations out of 131072
 1 words of extra memory for PDF output out of 10000
</usr/local/teTeX/share/texmf.tetex/fonts/type1/bluesky/cm
/cmmi6.pfb></usr/local/teTeX/share/texmf.tetex/fonts/type1/bluesky/cm/cmmi9.pfb
></usr/local/teTeX/share/texmf.tetex/fonts/type1/bluesky/cm/cmti9.pfb></usr/loc
al/teTeX/share/texmf.tetex/fonts/type1/bluesky/cm/cmsy5.pfb></usr/local/teTeX/s
hare/texmf.tetex/fonts/type1/bluesky/cm/cmmi7.pfb></usr/local/teTeX/share/texmf
.tetex/fonts/type1/bluesky/cm/cmex10.pfb></usr/local/teTeX/share/texmf.tetex/fo
nts/type1/bluesky/cm/cmbx10.pfb></usr/local/teTeX/share/texmf.tetex/fonts/type1
/bluesky/cm/cmsy10.pfb></usr/local/teTeX/share/texmf.tetex/fonts/type1/bluesky/
cm/cmsy7.pfb></usr/local/teTeX/share/texmf.tetex/fonts/type1/bluesky/cm/cmbx9.p
fb></usr/local/teTeX/share/texmf.tetex/fonts/type1/bluesky/cm/cmtt9.pfb></usr/l
ocal/teTeX/share/texmf.tetex/fonts/type1/bluesky/cm/cmr6.pfb></usr/local/teTeX/
share/texmf.tetex/fonts/type1/bluesky/cm/cmr7.pfb></usr/local/teTeX/share/texmf
.tetex/fonts/type1/bluesky/cm/cmmi10.pfb></usr/local/teTeX/share/texmf.tetex/fo
nts/type1/bluesky/cm/cmr9.pfb></usr/local/teTeX/share/texmf.tetex/fonts/type1/b
luesky/cm/cmti10.pfb></usr/local/teTeX/share/texmf.tetex/fonts/type1/bluesky/cm
/cmr10.pfb></usr/local/teTeX/share/texmf.tetex/fonts/type1/bluesky/cm/cmbx12.pf
b>
Output written on llncsdemo.pdf (17 pages, 172019 bytes).
